Using pre-set license
Built from '2022.3/china_unity/release' branch; Version is '2022.3.30f1c1 (a6dc00fbe362) revision 10935296'; Using compiler version '192829333'; Build Type 'Release'
OS: 'Windows 10  (10.0.19045) 64bit Core' Language: 'zh' Physical Memory: 32655 MB
BatchMode: 1, IsHumanControllingUs: 0, StartBugReporterOnCrash: 0, Is64bit: 1, IsPro: 1

COMMAND LINE ARGUMENTS:
C:\Program Files\Unity\Hub\Editor\2022.3.30f1c1\Editor\Unity.exe
-adb2
-batchMode
-noUpm
-name
AssetImportWorker3
-projectPath
F:/LiquidGame
-logFile
Logs/AssetImportWorker3.log
-srvPort
51204
Successfully changed project path to: F:/LiquidGame
F:/LiquidGame
[UnityMemory] Configuration Parameters - Can be set up in boot.config
    "memorysetup-bucket-allocator-granularity=16"
    "memorysetup-bucket-allocator-bucket-count=8"
    "memorysetup-bucket-allocator-block-size=33554432"
    "memorysetup-bucket-allocator-block-count=8"
    "memorysetup-main-allocator-block-size=16777216"
    "memorysetup-thread-allocator-block-size=16777216"
    "memorysetup-gfx-main-allocator-block-size=16777216"
    "memorysetup-gfx-thread-allocator-block-size=16777216"
    "memorysetup-cache-allocator-block-size=4194304"
    "memorysetup-typetree-allocator-block-size=2097152"
    "memorysetup-profiler-bucket-allocator-granularity=16"
    "memorysetup-profiler-bucket-allocator-bucket-count=8"
    "memorysetup-profiler-bucket-allocator-block-size=33554432"
    "memorysetup-profiler-bucket-allocator-block-count=8"
    "memorysetup-profiler-allocator-block-size=16777216"
    "memorysetup-profiler-editor-allocator-block-size=1048576"
    "memorysetup-temp-allocator-size-main=16777216"
    "memorysetup-job-temp-allocator-block-size=2097152"
    "memorysetup-job-temp-allocator-block-size-background=1048576"
    "memorysetup-job-temp-allocator-reduction-small-platforms=262144"
    "memorysetup-allocator-temp-initial-block-size-main=262144"
    "memorysetup-allocator-temp-initial-block-size-worker=262144"
    "memorysetup-temp-allocator-size-background-worker=32768"
    "memorysetup-temp-allocator-size-job-worker=262144"
    "memorysetup-temp-allocator-size-preload-manager=33554432"
    "memorysetup-temp-allocator-size-nav-mesh-worker=65536"
    "memorysetup-temp-allocator-size-audio-worker=65536"
    "memorysetup-temp-allocator-size-cloud-worker=32768"
    "memorysetup-temp-allocator-size-gi-baking-worker=262144"
    "memorysetup-temp-allocator-size-gfx=262144"
Player connection [30312] Host "[IP] 192.168.31.124 [Port] 0 [Flags] 2 [Guid] 502575508 [EditorId] 502575508 [Version] 1048832 [Id] WindowsEditor(7,DESKTOP-8OF3PRN) [Debug] 1 [PackageName] WindowsEditor [ProjectName] Editor" joined multi-casting on [225.0.0.222:54997]...

Player connection [30312] Host "[IP] 192.168.31.124 [Port] 0 [Flags] 2 [Guid] 502575508 [EditorId] 502575508 [Version] 1048832 [Id] WindowsEditor(7,DESKTOP-8OF3PRN) [Debug] 1 [PackageName] WindowsEditor [ProjectName] Editor" joined alternative multi-casting on [225.0.0.222:34997]...

[Physics::Module] Initialized MultithreadedJobDispatcher with 15 workers.
Refreshing native plugins compatible for Editor in 16.35 ms, found 4 plugins.
Preloading 0 native plugins for Editor in 0.00 ms.
Initialize engine version: 2022.3.30f1c1 (a6dc00fbe362)
[Subsystems] Discovering subsystems at path C:/Program Files/Unity/Hub/Editor/2022.3.30f1c1/Editor/Data/Resources/UnitySubsystems
[Subsystems] Discovering subsystems at path F:/LiquidGame/Assets
GfxDevice: creating device client; threaded=0; jobified=0
Direct3D:
    Version:  Direct3D 11.0 [level 11.1]
    Renderer: NVIDIA GeForce GTX 1060 6GB (ID=0x1c03)
    Vendor:   NVIDIA
    VRAM:     6043 MB
    Driver:   31.0.15.3623
Initialize mono
Mono path[0] = 'C:/Program Files/Unity/Hub/Editor/2022.3.30f1c1/Editor/Data/Managed'
Mono path[1] = 'C:/Program Files/Unity/Hub/Editor/2022.3.30f1c1/Editor/Data/MonoBleedingEdge/lib/mono/unityjit-win32'
Mono config path = 'C:/Program Files/Unity/Hub/Editor/2022.3.30f1c1/Editor/Data/MonoBleedingEdge/etc'
Using monoOptions --debugger-agent=transport=dt_socket,embedding=1,server=y,suspend=n,address=127.0.0.1:56336
Begin MonoManager ReloadAssembly
Registering precompiled unity dll's ...
Register platform support module: C:/Program Files/Unity/Hub/Editor/2022.3.30f1c1/Editor/Data/PlaybackEngines/AndroidPlayer/UnityEditor.Android.Extensions.dll
Register platform support module: C:/Program Files/Unity/Hub/Editor/2022.3.30f1c1/Editor/Data/PlaybackEngines/WindowsStandaloneSupport/UnityEditor.WindowsStandalone.Extensions.dll
Registered in 0.014920 seconds.
- Loaded All Assemblies, in  0.282 seconds
Native extension for WindowsStandalone target not found
Native extension for Android target not found
Android Extension - Scanning For ADB Devices 281 ms
Mono: successfully reloaded assembly
- Finished resetting the current domain, in  0.523 seconds
Domain Reload Profiling: 801ms
	BeginReloadAssembly (86ms)
		ExecutionOrderSort (0ms)
		DisableScriptedObjects (0ms)
		BackupInstance (0ms)
		ReleaseScriptingObjects (0ms)
		CreateAndSetChildDomain (1ms)
	RebuildCommonClasses (25ms)
	RebuildNativeTypeToScriptingClass (7ms)
	initialDomainReloadingComplete (59ms)
	LoadAllAssembliesAndSetupDomain (100ms)
		LoadAssemblies (83ms)
		RebuildTransferFunctionScriptingTraits (0ms)
		AnalyzeDomain (98ms)
			TypeCache.Refresh (97ms)
				TypeCache.ScanAssembly (88ms)
			ScanForSourceGeneratedMonoScriptInfo (0ms)
			ResolveRequiredComponents (0ms)
	FinalizeReload (523ms)
		ReleaseScriptCaches (0ms)
		RebuildScriptCaches (0ms)
		SetupLoadedEditorAssemblies (483ms)
			LogAssemblyErrors (0ms)
			InitializePlatformSupportModulesInManaged (364ms)
			SetLoadedEditorAssemblies (3ms)
			RefreshPlugins (0ms)
			BeforeProcessingInitializeOnLoad (2ms)
			ProcessInitializeOnLoadAttributes (81ms)
			ProcessInitializeOnLoadMethodAttributes (34ms)
			AfterProcessingInitializeOnLoad (0ms)
			EditorAssembliesLoaded (0ms)
		ExecutionOrderSort2 (0ms)
		AwakeInstancesAfterBackupRestoration (0ms)
========================================================================
Worker process is ready to serve import requests
Begin MonoManager ReloadAssembly
- Loaded All Assemblies, in  0.480 seconds
Refreshing native plugins compatible for Editor in 5.27 ms, found 4 plugins.
Native extension for WindowsStandalone target not found
Native extension for Android target not found
Package Manager log level set to [2]
[Package Manager] Server::EnsureServerProcessIsRunning -- launch failed, reason: Unity was launched with the -noUpm command-line argument
[Package Manager] UpmClient::Send -- Unable to send message (not connected to UPM process).
[Package Manager] Cannot connect to Unity Package Manager local server
Mono: successfully reloaded assembly
- Finished resetting the current domain, in  0.413 seconds
Domain Reload Profiling: 887ms
	BeginReloadAssembly (120ms)
		ExecutionOrderSort (0ms)
		DisableScriptedObjects (4ms)
		BackupInstance (0ms)
		ReleaseScriptingObjects (0ms)
		CreateAndSetChildDomain (17ms)
	RebuildCommonClasses (25ms)
	RebuildNativeTypeToScriptingClass (8ms)
	initialDomainReloadingComplete (40ms)
	LoadAllAssembliesAndSetupDomain (281ms)
		LoadAssemblies (229ms)
		RebuildTransferFunctionScriptingTraits (0ms)
		AnalyzeDomain (123ms)
			TypeCache.Refresh (109ms)
				TypeCache.ScanAssembly (97ms)
			ScanForSourceGeneratedMonoScriptInfo (10ms)
			ResolveRequiredComponents (4ms)
	FinalizeReload (413ms)
		ReleaseScriptCaches (0ms)
		RebuildScriptCaches (0ms)
		SetupLoadedEditorAssemblies (313ms)
			LogAssemblyErrors (0ms)
			InitializePlatformSupportModulesInManaged (23ms)
			SetLoadedEditorAssemblies (2ms)
			RefreshPlugins (0ms)
			BeforeProcessingInitializeOnLoad (47ms)
			ProcessInitializeOnLoadAttributes (215ms)
			ProcessInitializeOnLoadMethodAttributes (14ms)
			AfterProcessingInitializeOnLoad (12ms)
			EditorAssembliesLoaded (0ms)
		ExecutionOrderSort2 (0ms)
		AwakeInstancesAfterBackupRestoration (6ms)
Launched and connected shader compiler UnityShaderCompiler.exe after 0.04 seconds
Refreshing native plugins compatible for Editor in 9.43 ms, found 4 plugins.
Preloading 0 native plugins for Editor in 0.00 ms.
Unloading 3578 Unused Serialized files (Serialized files now loaded: 0)
Unloading 56 unused Assets / (0.5 MB). Loaded Objects now: 4022.
Memory consumption went from 151.9 MB to 151.4 MB.
Total: 2.817400 ms (FindLiveObjects: 0.215700 ms CreateObjectMapping: 0.123200 ms MarkObjects: 2.195200 ms  DeleteObjects: 0.282500 ms)

AssetImportParameters requested are different than current active one (requested -> active):
  custom:container-demuxer-ogg: 62fdf1f143b41e24485cea50d1cbac27 -> 
  custom:video-decoder-ogg-theora: a1e56fd34408186e4bbccfd4996cb3dc -> 
  custom:framework-win-MediaFoundation: 216162199b28c13a410421893ffa2e32 -> 
  custom:CustomObjectIndexerAttribute: 9a22284fe3817be447336de3de66b15e -> 
  custom:container-demuxer-webm: 4f35f7cbe854078d1ac9338744f61a02 -> 
  custom:container-muxer-webm: aa71ff27fc2769a1b78a27578f13a17b -> 
  custom:video-decoder-webm-vp8: 9c59270c3fd7afecdb556c50c9e8de78 -> 
  custom:SearchIndexIgnoredProperties: e643bd26f0fe6173181afceb89e7c659 -> 
  custom:AudioImporter_EditorPlatform: d09bf68614088b80899f8185d706f6e7 -> 
  custom:video-encoder-webm-vp8: eb34c28f22e8b96e1ab97ce403110664 -> 
  custom:audio-decoder-ogg-vorbis: bf7c407c2cedff20999df2af8eb42d56 -> 
  custom:audio-encoder-webm-vorbis: bf7c407c2cedff20999df2af8eb42d56 -> 
========================================================================
Received Import Request.
  Time since last request: 264345.675699 seconds.
  path: Assets/RedWorks - LP Christmas Pack/Assets/Prefabs/Animals/RW_LP_CP_Animal_Deer.prefab
  artifactKey: Guid(9fafb9463af87e74ca0ad81632c9d0a2) Importer(815301076,1909f56bfc062723c751e8b465ee728b)
Start importing Assets/RedWorks - LP Christmas Pack/Assets/Prefabs/Animals/RW_LP_CP_Animal_Deer.prefab using Guid(9fafb9463af87e74ca0ad81632c9d0a2) Importer(815301076,1909f56bfc062723c751e8b465ee728b)  -> (artifact id: '4fe16f4a91bf68493b589d8d014feced') in 0.192190 seconds
Number of updated asset objects reloaded before import = 0
Number of asset objects unloaded after import = 18
========================================================================
Received Import Request.
  Time since last request: 0.000021 seconds.
  path: Assets/RedWorks - LP Christmas Pack/Assets/Meshes/Rigged/RW_LP_CP_Animal_FoxRigged.fbx
  artifactKey: Guid(46c15dfe93c50a241b0bd1c1c88bd37c) Importer(815301076,1909f56bfc062723c751e8b465ee728b)
Start importing Assets/RedWorks - LP Christmas Pack/Assets/Meshes/Rigged/RW_LP_CP_Animal_FoxRigged.fbx using Guid(46c15dfe93c50a241b0bd1c1c88bd37c) Importer(815301076,1909f56bfc062723c751e8b465ee728b)  -> (artifact id: 'a47149176f3da57e7ff8ee6fb34855b4') in 0.081178 seconds
Number of updated asset objects reloaded before import = 0
Number of asset objects unloaded after import = 98
========================================================================
Received Import Request.
  Time since last request: 0.000029 seconds.
  path: Assets/RedWorks - LP Christmas Pack/Assets/Meshes/RW_LP_CP_Build_ShopHouse.002.fbx
  artifactKey: Guid(a22bcf27d133a8e458bd9c90d01a852f) Importer(815301076,1909f56bfc062723c751e8b465ee728b)
Start importing Assets/RedWorks - LP Christmas Pack/Assets/Meshes/RW_LP_CP_Build_ShopHouse.002.fbx using Guid(a22bcf27d133a8e458bd9c90d01a852f) Importer(815301076,1909f56bfc062723c751e8b465ee728b)  -> (artifact id: '9f24c5daac7906d7d58e4422fdb85514') in 0.016000 seconds
Number of updated asset objects reloaded before import = 0
Number of asset objects unloaded after import = 7
========================================================================
Received Import Request.
  Time since last request: 0.000014 seconds.
  path: Assets/RedWorks - LP Christmas Pack/Assets/Meshes/RW_LP_CP_Build_ShopHouse.001.fbx
  artifactKey: Guid(540abd0bb9246424eb7bf4073d9846ed) Importer(815301076,1909f56bfc062723c751e8b465ee728b)
Start importing Assets/RedWorks - LP Christmas Pack/Assets/Meshes/RW_LP_CP_Build_ShopHouse.001.fbx using Guid(540abd0bb9246424eb7bf4073d9846ed) Importer(815301076,1909f56bfc062723c751e8b465ee728b)  -> (artifact id: 'dbc12952895eca634de447f8c18812fb') in 0.015006 seconds
Number of updated asset objects reloaded before import = 0
Number of asset objects unloaded after import = 7
========================================================================
Received Import Request.
  Time since last request: 0.000012 seconds.
  path: Assets/RedWorks - LP Christmas Pack/Assets/Meshes/RW_LP_CP_Animal_RedFox.fbx
  artifactKey: Guid(5610eea042d838b41861f1ef49b7bb27) Importer(815301076,1909f56bfc062723c751e8b465ee728b)
Start importing Assets/RedWorks - LP Christmas Pack/Assets/Meshes/RW_LP_CP_Animal_RedFox.fbx using Guid(5610eea042d838b41861f1ef49b7bb27) Importer(815301076,1909f56bfc062723c751e8b465ee728b)  -> (artifact id: '0597aa2f08f290ad2afe93ff7c3ad3fd') in 0.013915 seconds
Number of updated asset objects reloaded before import = 0
Number of asset objects unloaded after import = 7
========================================================================
Received Import Request.
  Time since last request: 0.000013 seconds.
  path: Assets/RedWorks - LP Christmas Pack/Assets/Prefabs/Animals/RW_LP_CP_Animal_DeerWithSaddle.prefab
  artifactKey: Guid(685966da9d4ad5f45bdb12c417d625d6) Importer(815301076,1909f56bfc062723c751e8b465ee728b)
Start importing Assets/RedWorks - LP Christmas Pack/Assets/Prefabs/Animals/RW_LP_CP_Animal_DeerWithSaddle.prefab using Guid(685966da9d4ad5f45bdb12c417d625d6) Importer(815301076,1909f56bfc062723c751e8b465ee728b)  -> (artifact id: 'd10037e925c3d31a9bb9421b44c30d5a') in 0.012835 seconds
Number of updated asset objects reloaded before import = 0
Number of asset objects unloaded after import = 44
========================================================================
Received Import Request.
  Time since last request: 0.000015 seconds.
  path: Assets/RedWorks - LP Christmas Pack/Assets/Meshes/RW_LP_CP_Build_ShopHouse.004.fbx
  artifactKey: Guid(34f4b87c0f798c940822cc3fdb1ec9b8) Importer(815301076,1909f56bfc062723c751e8b465ee728b)
Start importing Assets/RedWorks - LP Christmas Pack/Assets/Meshes/RW_LP_CP_Build_ShopHouse.004.fbx using Guid(34f4b87c0f798c940822cc3fdb1ec9b8) Importer(815301076,1909f56bfc062723c751e8b465ee728b)  -> (artifact id: '62a82024114d4db7d5311e35433bd1ea') in 0.018135 seconds
Number of updated asset objects reloaded before import = 0
Number of asset objects unloaded after import = 7
========================================================================
Received Import Request.
  Time since last request: 0.000019 seconds.
  path: Assets/RedWorks - LP Christmas Pack/Assets/Prefabs/Animals/RW_LP_CP_Animal_Penguin.prefab
  artifactKey: Guid(f732610a92987464da629858b0f938b1) Importer(815301076,1909f56bfc062723c751e8b465ee728b)
Start importing Assets/RedWorks - LP Christmas Pack/Assets/Prefabs/Animals/RW_LP_CP_Animal_Penguin.prefab using Guid(f732610a92987464da629858b0f938b1) Importer(815301076,1909f56bfc062723c751e8b465ee728b)  -> (artifact id: 'fcb8525038d8125f55f7a0badbd70274') in 0.006965 seconds
Number of updated asset objects reloaded before import = 0
Number of asset objects unloaded after import = 18
========================================================================
Received Import Request.
  Time since last request: 0.000015 seconds.
  path: Assets/RedWorks - LP Christmas Pack/Assets/Prefabs/Buildings/RW_LP_CP_Build_ShopHouse.005.prefab
  artifactKey: Guid(9287e26c4894e76459f54900aeed78fc) Importer(815301076,1909f56bfc062723c751e8b465ee728b)
Start importing Assets/RedWorks - LP Christmas Pack/Assets/Prefabs/Buildings/RW_LP_CP_Build_ShopHouse.005.prefab using Guid(9287e26c4894e76459f54900aeed78fc) Importer(815301076,1909f56bfc062723c751e8b465ee728b)  -> (artifact id: '177769ed1e53ab1799276e4b2d55aa81') in 0.016819 seconds
Number of updated asset objects reloaded before import = 0
Number of asset objects unloaded after import = 18
========================================================================
Received Import Request.
  Time since last request: 0.000014 seconds.
  path: Assets/RedWorks - LP Christmas Pack/Assets/Prefabs/Animals_Rigged/RW_LP_CP_Animal_DeerRigged.prefab
  artifactKey: Guid(e45a6b089d5adf14aad9ba26d2bcc66c) Importer(815301076,1909f56bfc062723c751e8b465ee728b)
Start importing Assets/RedWorks - LP Christmas Pack/Assets/Prefabs/Animals_Rigged/RW_LP_CP_Animal_DeerRigged.prefab using Guid(e45a6b089d5adf14aad9ba26d2bcc66c) Importer(815301076,1909f56bfc062723c751e8b465ee728b)  -> (artifact id: '56705fdae7f723818c050206534119e7') in 0.015084 seconds
Number of updated asset objects reloaded before import = 0
Number of asset objects unloaded after import = 210
========================================================================
Received Import Request.
  Time since last request: 0.000015 seconds.
  path: Assets/RedWorks - LP Christmas Pack/Assets/Prefabs/Buildings/RW_LP_CP_Build_ShopHouse.002.prefab
  artifactKey: Guid(91070a4eda667634b91a132d0038238f) Importer(815301076,1909f56bfc062723c751e8b465ee728b)
Start importing Assets/RedWorks - LP Christmas Pack/Assets/Prefabs/Buildings/RW_LP_CP_Build_ShopHouse.002.prefab using Guid(91070a4eda667634b91a132d0038238f) Importer(815301076,1909f56bfc062723c751e8b465ee728b)  -> (artifact id: '6fc9211fd9b87c9e893ed559346085f2') in 0.013333 seconds
Number of updated asset objects reloaded before import = 0
Number of asset objects unloaded after import = 18
========================================================================
Received Import Request.
  Time since last request: 0.000012 seconds.
  path: Assets/RedWorks - LP Christmas Pack/Assets/Meshes/Rigged/RW_LP_CP_Animal_PenguinRigged.fbx
  artifactKey: Guid(0a2455d9207ba18409da637548cbbb0d) Importer(815301076,1909f56bfc062723c751e8b465ee728b)
Start importing Assets/RedWorks - LP Christmas Pack/Assets/Meshes/Rigged/RW_LP_CP_Animal_PenguinRigged.fbx using Guid(0a2455d9207ba18409da637548cbbb0d) Importer(815301076,1909f56bfc062723c751e8b465ee728b)  -> (artifact id: '5980339bc28b205721af4f6e4ca7d461') in 0.029253 seconds
Number of updated asset objects reloaded before import = 0
Number of asset objects unloaded after import = 96
========================================================================
Received Import Request.
  Time since last request: 0.000022 seconds.
  path: Assets/RedWorks - LP Christmas Pack/Assets/Prefabs/Buildings/RW_LP_CP_Build_ShopHouse.004.prefab
  artifactKey: Guid(07f7e921bb44efa4eb35392c3c69e03b) Importer(815301076,1909f56bfc062723c751e8b465ee728b)
Start importing Assets/RedWorks - LP Christmas Pack/Assets/Prefabs/Buildings/RW_LP_CP_Build_ShopHouse.004.prefab using Guid(07f7e921bb44efa4eb35392c3c69e03b) Importer(815301076,1909f56bfc062723c751e8b465ee728b)  -> (artifact id: 'd6251344e28628b9d6d55112aebc8890') in 0.014774 seconds
Number of updated asset objects reloaded before import = 0
Number of asset objects unloaded after import = 18
========================================================================
Received Import Request.
  Time since last request: 0.000018 seconds.
  path: Assets/RedWorks - LP Christmas Pack/Assets/Prefabs/Buildings/RW_LP_CP_Build_ChristmasCookieShop.001.prefab
  artifactKey: Guid(67ae015c422671742aa68d08e230f3f6) Importer(815301076,1909f56bfc062723c751e8b465ee728b)
Start importing Assets/RedWorks - LP Christmas Pack/Assets/Prefabs/Buildings/RW_LP_CP_Build_ChristmasCookieShop.001.prefab using Guid(67ae015c422671742aa68d08e230f3f6) Importer(815301076,1909f56bfc062723c751e8b465ee728b)  -> (artifact id: '6b4823a96384eb494679eae1e23946d8') in 0.031947 seconds
Number of updated asset objects reloaded before import = 0
Number of asset objects unloaded after import = 463
========================================================================
Received Import Request.
  Time since last request: 10.608132 seconds.
  path: Assets/RedWorks - LP Christmas Pack/Assets/Prefabs/Characters_Rigged/RW_LP_CP_Character_CookieManBigRigged.prefab
  artifactKey: Guid(19d716787bb0d514ea62edf92ee30e07) Importer(815301076,1909f56bfc062723c751e8b465ee728b)
Start importing Assets/RedWorks - LP Christmas Pack/Assets/Prefabs/Characters_Rigged/RW_LP_CP_Character_CookieManBigRigged.prefab using Guid(19d716787bb0d514ea62edf92ee30e07) Importer(815301076,1909f56bfc062723c751e8b465ee728b)  -> (artifact id: '1a50bd049e4c25d65320d974f4fe7d28') in 0.010897 seconds
Number of updated asset objects reloaded before import = 0
Number of asset objects unloaded after import = 130
========================================================================
Received Import Request.
  Time since last request: 0.000019 seconds.
  path: Assets/RedWorks - LP Christmas Pack/Assets/Meshes/Rigged/RW_LP_CP_Character_CookieManSmallRigged.fbx
  artifactKey: Guid(04581eefca57b5645a7c10f8b4b56fa8) Importer(815301076,1909f56bfc062723c751e8b465ee728b)
Start importing Assets/RedWorks - LP Christmas Pack/Assets/Meshes/Rigged/RW_LP_CP_Character_CookieManSmallRigged.fbx using Guid(04581eefca57b5645a7c10f8b4b56fa8) Importer(815301076,1909f56bfc062723c751e8b465ee728b)  -> (artifact id: '396ab9e8894e15c117eaa142a94bf8bc') in 0.043562 seconds
Number of updated asset objects reloaded before import = 0
Number of asset objects unloaded after import = 62
========================================================================
Received Import Request.
  Time since last request: 0.000028 seconds.
  path: Assets/RedWorks - LP Christmas Pack/Assets/Meshes/Rigged/RW_LP_CP_Character_SnowManRigged.002.fbx
  artifactKey: Guid(c95c04ef7eabe1045adf37d20c1387d6) Importer(815301076,1909f56bfc062723c751e8b465ee728b)
Start importing Assets/RedWorks - LP Christmas Pack/Assets/Meshes/Rigged/RW_LP_CP_Character_SnowManRigged.002.fbx using Guid(c95c04ef7eabe1045adf37d20c1387d6) Importer(815301076,1909f56bfc062723c751e8b465ee728b)  -> (artifact id: 'd22a6fe938ad2d58727d4050f550323c') in 0.040058 seconds
Number of updated asset objects reloaded before import = 0
Number of asset objects unloaded after import = 26
========================================================================
Received Import Request.
  Time since last request: 0.000020 seconds.
  path: Assets/RedWorks - LP Christmas Pack/Assets/Prefabs/Character/RW_LP_CP_Character_SnowMan.003.prefab
  artifactKey: Guid(6524006f83dc492478a2b7cb6e61fb0b) Importer(815301076,1909f56bfc062723c751e8b465ee728b)
Start importing Assets/RedWorks - LP Christmas Pack/Assets/Prefabs/Character/RW_LP_CP_Character_SnowMan.003.prefab using Guid(6524006f83dc492478a2b7cb6e61fb0b) Importer(815301076,1909f56bfc062723c751e8b465ee728b)  -> (artifact id: 'd3d23e61d1600297b7905e54653b0026') in 0.012834 seconds
Number of updated asset objects reloaded before import = 0
Number of asset objects unloaded after import = 18
========================================================================
Received Import Request.
  Time since last request: 0.000013 seconds.
  path: Assets/RedWorks - LP Christmas Pack/Assets/Prefabs/Character/RW_LP_CP_Character_SnowMan.001.prefab
  artifactKey: Guid(6aa15e4c20feb3046bb92a231cd397ce) Importer(815301076,1909f56bfc062723c751e8b465ee728b)
Start importing Assets/RedWorks - LP Christmas Pack/Assets/Prefabs/Character/RW_LP_CP_Character_SnowMan.001.prefab using Guid(6aa15e4c20feb3046bb92a231cd397ce) Importer(815301076,1909f56bfc062723c751e8b465ee728b)  -> (artifact id: '840347287ac94799462f8f6e533f89d8') in 0.013408 seconds
Number of updated asset objects reloaded before import = 0
Number of asset objects unloaded after import = 18
========================================================================
Received Import Request.
  Time since last request: 0.000022 seconds.
  path: Assets/RedWorks - LP Christmas Pack/Assets/Meshes/RW_LP_CP_Character_SantaClaus.fbx
  artifactKey: Guid(e21ba91412867bb40acfc305bb88defb) Importer(815301076,1909f56bfc062723c751e8b465ee728b)
Start importing Assets/RedWorks - LP Christmas Pack/Assets/Meshes/RW_LP_CP_Character_SantaClaus.fbx using Guid(e21ba91412867bb40acfc305bb88defb) Importer(815301076,1909f56bfc062723c751e8b465ee728b)  -> (artifact id: 'c0ebdebb0b678d29363df85f93218ba8') in 0.025607 seconds
Number of updated asset objects reloaded before import = 0
Number of asset objects unloaded after import = 7
========================================================================
Received Import Request.
  Time since last request: 0.000020 seconds.
  path: Assets/RedWorks - LP Christmas Pack/Assets/Meshes/Rigged/RW_LP_CP_Character_SantaClausRigged.fbx
  artifactKey: Guid(d99fbcb916826a9438fae1fd5c1d3b1b) Importer(815301076,1909f56bfc062723c751e8b465ee728b)
Start importing Assets/RedWorks - LP Christmas Pack/Assets/Meshes/Rigged/RW_LP_CP_Character_SantaClausRigged.fbx using Guid(d99fbcb916826a9438fae1fd5c1d3b1b) Importer(815301076,1909f56bfc062723c751e8b465ee728b)  -> (artifact id: 'a19b873c02574df33db0e545cd682bb8') in 0.040617 seconds
Number of updated asset objects reloaded before import = 0
Number of asset objects unloaded after import = 197
========================================================================
Received Import Request.
  Time since last request: 268.246071 seconds.
  path: Assets/RedWorks - LP Christmas Pack/Assets/Prefabs/Items/RW_LP_CP_Item_Balloon.001.prefab
  artifactKey: Guid(b81114dfc49a2954d8153e69e4d98941) Importer(815301076,1909f56bfc062723c751e8b465ee728b)
Start importing Assets/RedWorks - LP Christmas Pack/Assets/Prefabs/Items/RW_LP_CP_Item_Balloon.001.prefab using Guid(b81114dfc49a2954d8153e69e4d98941) Importer(815301076,1909f56bfc062723c751e8b465ee728b)  -> (artifact id: '822ca4a02a2adc8de47b0fb044432fac') in 0.007989 seconds
Number of updated asset objects reloaded before import = 0
Number of asset objects unloaded after import = 18
========================================================================
Received Import Request.
  Time since last request: 0.194510 seconds.
  path: Assets/RedWorks - LP Christmas Pack/Assets/Meshes/RW_LP_CP_Item_Balloon.003.fbx
  artifactKey: Guid(b9b4d6935ae90134d8e76cec373cb894) Importer(815301076,1909f56bfc062723c751e8b465ee728b)
Start importing Assets/RedWorks - LP Christmas Pack/Assets/Meshes/RW_LP_CP_Item_Balloon.003.fbx using Guid(b9b4d6935ae90134d8e76cec373cb894) Importer(815301076,1909f56bfc062723c751e8b465ee728b)  -> (artifact id: '1c5cd8fbad9c405e45498b36802e4509') in 0.007064 seconds
Number of updated asset objects reloaded before import = 0
Number of asset objects unloaded after import = 7
========================================================================
Received Import Request.
  Time since last request: 0.012082 seconds.
  path: Assets/RedWorks - LP Christmas Pack/Assets/Prefabs/Items/RW_LP_CP_Item_Balloon.003.prefab
  artifactKey: Guid(4a9fb0eb99e854d458dee288415033ab) Importer(815301076,1909f56bfc062723c751e8b465ee728b)
Start importing Assets/RedWorks - LP Christmas Pack/Assets/Prefabs/Items/RW_LP_CP_Item_Balloon.003.prefab using Guid(4a9fb0eb99e854d458dee288415033ab) Importer(815301076,1909f56bfc062723c751e8b465ee728b)  -> (artifact id: 'a02fcb81dab5bf7d164fea034f797af6') in 0.027327 seconds
Number of updated asset objects reloaded before import = 0
Number of asset objects unloaded after import = 18
========================================================================
Received Import Request.
  Time since last request: 0.000019 seconds.
  path: Assets/RedWorks - LP Christmas Pack/Assets/Prefabs/Items/RW_LP_CP_Item_BurningCandle.002.prefab
  artifactKey: Guid(62a0c958f5d56544ab33ec8a8e838115) Importer(815301076,1909f56bfc062723c751e8b465ee728b)
Start importing Assets/RedWorks - LP Christmas Pack/Assets/Prefabs/Items/RW_LP_CP_Item_BurningCandle.002.prefab using Guid(62a0c958f5d56544ab33ec8a8e838115) Importer(815301076,1909f56bfc062723c751e8b465ee728b)  -> (artifact id: '1404ba8a4d27697d708f9e17b5db7f10') in 0.007105 seconds
Number of updated asset objects reloaded before import = 0
Number of asset objects unloaded after import = 18
========================================================================
Received Import Request.
  Time since last request: 0.000015 seconds.
  path: Assets/RedWorks - LP Christmas Pack/Assets/Prefabs/Items/RW_LP_CP_Item_BurningCandle.005.prefab
  artifactKey: Guid(2658ec03768efb4409522f5e115a28e2) Importer(815301076,1909f56bfc062723c751e8b465ee728b)
Start importing Assets/RedWorks - LP Christmas Pack/Assets/Prefabs/Items/RW_LP_CP_Item_BurningCandle.005.prefab using Guid(2658ec03768efb4409522f5e115a28e2) Importer(815301076,1909f56bfc062723c751e8b465ee728b)  -> (artifact id: '9bb2d9ff2422f01fb34a4f77d89ec9b7') in 0.007849 seconds
Number of updated asset objects reloaded before import = 0
Number of asset objects unloaded after import = 18
========================================================================
Received Import Request.
  Time since last request: 0.000011 seconds.
  path: Assets/RedWorks - LP Christmas Pack/Assets/Meshes/RW_LP_CP_Item_BurningCandle.005.fbx
  artifactKey: Guid(d4e2cb236e43f224490242159865528d) Importer(815301076,1909f56bfc062723c751e8b465ee728b)
Start importing Assets/RedWorks - LP Christmas Pack/Assets/Meshes/RW_LP_CP_Item_BurningCandle.005.fbx using Guid(d4e2cb236e43f224490242159865528d) Importer(815301076,1909f56bfc062723c751e8b465ee728b)  -> (artifact id: '308d98b05c366d7e36171693832d2906') in 0.014252 seconds
Number of updated asset objects reloaded before import = 0
Number of asset objects unloaded after import = 7
========================================================================
Received Import Request.
  Time since last request: 0.000014 seconds.
  path: Assets/RedWorks - LP Christmas Pack/Assets/Prefabs/Items/RW_LP_CP_Item_Barrel_Group.002.prefab
  artifactKey: Guid(17d83453cfd9f9e4b9ae6594f084aad4) Importer(815301076,1909f56bfc062723c751e8b465ee728b)
Start importing Assets/RedWorks - LP Christmas Pack/Assets/Prefabs/Items/RW_LP_CP_Item_Barrel_Group.002.prefab using Guid(17d83453cfd9f9e4b9ae6594f084aad4) Importer(815301076,1909f56bfc062723c751e8b465ee728b)  -> (artifact id: 'f0e76c45a242e225085052a0b604e794') in 0.014167 seconds
Number of updated asset objects reloaded before import = 0
Number of asset objects unloaded after import = 18
========================================================================
Received Import Request.
  Time since last request: 0.000016 seconds.
  path: Assets/RedWorks - LP Christmas Pack/Assets/Prefabs/Items/RW_LP_CP_Item_Barrel_Group.003.prefab
  artifactKey: Guid(d5006e476f4dfc045b4b927a8c698117) Importer(815301076,1909f56bfc062723c751e8b465ee728b)
Start importing Assets/RedWorks - LP Christmas Pack/Assets/Prefabs/Items/RW_LP_CP_Item_Barrel_Group.003.prefab using Guid(d5006e476f4dfc045b4b927a8c698117) Importer(815301076,1909f56bfc062723c751e8b465ee728b)  -> (artifact id: '5f7e491da8a8423473e206f85567c7a7') in 0.013920 seconds
Number of updated asset objects reloaded before import = 0
Number of asset objects unloaded after import = 18
========================================================================
Received Import Request.
  Time since last request: 0.000016 seconds.
  path: Assets/RedWorks - LP Christmas Pack/Assets/Prefabs/Items/RW_LP_CP_Item_Candle.003.prefab
  artifactKey: Guid(df235fe1a42fc994fb166d445d442cf7) Importer(815301076,1909f56bfc062723c751e8b465ee728b)
Start importing Assets/RedWorks - LP Christmas Pack/Assets/Prefabs/Items/RW_LP_CP_Item_Candle.003.prefab using Guid(df235fe1a42fc994fb166d445d442cf7) Importer(815301076,1909f56bfc062723c751e8b465ee728b)  -> (artifact id: 'ddba4be0df69e498d17f7eca3467dfde') in 0.013897 seconds
Number of updated asset objects reloaded before import = 0
Number of asset objects unloaded after import = 18
========================================================================
Received Import Request.
  Time since last request: 0.000015 seconds.
  path: Assets/RedWorks - LP Christmas Pack/Assets/Meshes/RW_LP_CP_Item_Barrel.001.fbx
  artifactKey: Guid(908c0dab1c08ad4449fd698829cb7913) Importer(815301076,1909f56bfc062723c751e8b465ee728b)
Start importing Assets/RedWorks - LP Christmas Pack/Assets/Meshes/RW_LP_CP_Item_Barrel.001.fbx using Guid(908c0dab1c08ad4449fd698829cb7913) Importer(815301076,1909f56bfc062723c751e8b465ee728b)  -> (artifact id: 'b7ec243e42370841142b16cad700bfe0') in 0.017509 seconds
Number of updated asset objects reloaded before import = 0
Number of asset objects unloaded after import = 7
========================================================================
Received Import Request.
  Time since last request: 0.000012 seconds.
  path: Assets/RedWorks - LP Christmas Pack/Assets/Meshes/RW_LP_CP_Item_Candle.003.fbx
  artifactKey: Guid(d35431ddb92aa0842ab269d49bd04aca) Importer(815301076,1909f56bfc062723c751e8b465ee728b)
Start importing Assets/RedWorks - LP Christmas Pack/Assets/Meshes/RW_LP_CP_Item_Candle.003.fbx using Guid(d35431ddb92aa0842ab269d49bd04aca) Importer(815301076,1909f56bfc062723c751e8b465ee728b)  -> (artifact id: '19210f3a3c3ecc7fb0e336d6816ab92d') in 0.014131 seconds
Number of updated asset objects reloaded before import = 0
Number of asset objects unloaded after import = 7
========================================================================
Received Import Request.
  Time since last request: 0.000014 seconds.
  path: Assets/RedWorks - LP Christmas Pack/Assets/Prefabs/Items/RW_LP_CP_Item_Balloon.002.prefab
  artifactKey: Guid(658d8a6fa211c3b4a8c6885ac186dd71) Importer(815301076,1909f56bfc062723c751e8b465ee728b)
Start importing Assets/RedWorks - LP Christmas Pack/Assets/Prefabs/Items/RW_LP_CP_Item_Balloon.002.prefab using Guid(658d8a6fa211c3b4a8c6885ac186dd71) Importer(815301076,1909f56bfc062723c751e8b465ee728b)  -> (artifact id: '463248996ef1dc011f65e886682cd33b') in 0.011367 seconds
Number of updated asset objects reloaded before import = 0
Number of asset objects unloaded after import = 18
========================================================================
Received Import Request.
  Time since last request: 0.000021 seconds.
  path: Assets/RedWorks - LP Christmas Pack/Assets/Meshes/RW_LP_CP_Item_BurningCandle.001.fbx
  artifactKey: Guid(618a185bfa84d0b4fb31af8cde45cdd3) Importer(815301076,1909f56bfc062723c751e8b465ee728b)
Start importing Assets/RedWorks - LP Christmas Pack/Assets/Meshes/RW_LP_CP_Item_BurningCandle.001.fbx using Guid(618a185bfa84d0b4fb31af8cde45cdd3) Importer(815301076,1909f56bfc062723c751e8b465ee728b)  -> (artifact id: '89563a6b82c619aa3af7863db6abeb6f') in 0.017233 seconds
Number of updated asset objects reloaded before import = 0
Number of asset objects unloaded after import = 7
========================================================================
Received Import Request.
  Time since last request: 0.000013 seconds.
  path: Assets/RedWorks - LP Christmas Pack/Assets/Prefabs/Items/RW_LP_CP_Item_BurningCandle.001.prefab
  artifactKey: Guid(1325e664c6ba2c940a9d799c9c7e5678) Importer(815301076,1909f56bfc062723c751e8b465ee728b)
Start importing Assets/RedWorks - LP Christmas Pack/Assets/Prefabs/Items/RW_LP_CP_Item_BurningCandle.001.prefab using Guid(1325e664c6ba2c940a9d799c9c7e5678) Importer(815301076,1909f56bfc062723c751e8b465ee728b)  -> (artifact id: '11c385e6b3dca2b0d0c570619c3a8de7') in 0.010627 seconds
Number of updated asset objects reloaded before import = 0
Number of asset objects unloaded after import = 18
========================================================================
Received Import Request.
  Time since last request: 0.000012 seconds.
  path: Assets/RedWorks - LP Christmas Pack/Assets/Prefabs/Items/RW_LP_CP_Item_BurningCandle.003.prefab
  artifactKey: Guid(4b7c3f63653a7d2419b1cfea7f18e6e5) Importer(815301076,1909f56bfc062723c751e8b465ee728b)
Start importing Assets/RedWorks - LP Christmas Pack/Assets/Prefabs/Items/RW_LP_CP_Item_BurningCandle.003.prefab using Guid(4b7c3f63653a7d2419b1cfea7f18e6e5) Importer(815301076,1909f56bfc062723c751e8b465ee728b)  -> (artifact id: '4236519d08c0db7ab291e0873af68d46') in 0.014177 seconds
Number of updated asset objects reloaded before import = 0
Number of asset objects unloaded after import = 18
========================================================================
Received Import Request.
  Time since last request: 0.000014 seconds.
  path: Assets/RedWorks - LP Christmas Pack/Assets/Prefabs/Items/RW_LP_CP_Item_BurningCandle.004.prefab
  artifactKey: Guid(04ff4e582ed148140a31dcba58246f6e) Importer(815301076,1909f56bfc062723c751e8b465ee728b)
Start importing Assets/RedWorks - LP Christmas Pack/Assets/Prefabs/Items/RW_LP_CP_Item_BurningCandle.004.prefab using Guid(04ff4e582ed148140a31dcba58246f6e) Importer(815301076,1909f56bfc062723c751e8b465ee728b)  -> (artifact id: '535261d825ee9912a8cc4bf48c5aa1b3') in 0.013589 seconds
Number of updated asset objects reloaded before import = 0
Number of asset objects unloaded after import = 18
========================================================================
Received Import Request.
  Time since last request: 1.569044 seconds.
  path: Assets/RedWorks - LP Christmas Pack/Assets/Prefabs/Items/RW_LP_CP_Item_SnowFlake.001.prefab
  artifactKey: Guid(b72cd70d1530b344ea624056cd640803) Importer(815301076,1909f56bfc062723c751e8b465ee728b)
Start importing Assets/RedWorks - LP Christmas Pack/Assets/Prefabs/Items/RW_LP_CP_Item_SnowFlake.001.prefab using Guid(b72cd70d1530b344ea624056cd640803) Importer(815301076,1909f56bfc062723c751e8b465ee728b)  -> (artifact id: 'f4d0e2bc9121342075f6de45fdf0479b') in 0.007302 seconds
Number of updated asset objects reloaded before import = 0
Number of asset objects unloaded after import = 18
========================================================================
Received Import Request.
  Time since last request: 0.000015 seconds.
  path: Assets/RedWorks - LP Christmas Pack/Assets/Meshes/RW_LP_CP_Item_SnowFlake.005.fbx
  artifactKey: Guid(4c68bf82a732d0747a8dc68e4e92e59b) Importer(815301076,1909f56bfc062723c751e8b465ee728b)
Start importing Assets/RedWorks - LP Christmas Pack/Assets/Meshes/RW_LP_CP_Item_SnowFlake.005.fbx using Guid(4c68bf82a732d0747a8dc68e4e92e59b) Importer(815301076,1909f56bfc062723c751e8b465ee728b)  -> (artifact id: '22fb8f046e24d8c7ef72a0e65ee82e93') in 0.013449 seconds
Number of updated asset objects reloaded before import = 0
Number of asset objects unloaded after import = 7
========================================================================
Received Import Request.
  Time since last request: 0.000019 seconds.
  path: Assets/RedWorks - LP Christmas Pack/Assets/Meshes/RW_LP_CP_Item_SnowFlake.002.fbx
  artifactKey: Guid(a446ee4f9f2068e489048e51f4f6a7ea) Importer(815301076,1909f56bfc062723c751e8b465ee728b)
Start importing Assets/RedWorks - LP Christmas Pack/Assets/Meshes/RW_LP_CP_Item_SnowFlake.002.fbx using Guid(a446ee4f9f2068e489048e51f4f6a7ea) Importer(815301076,1909f56bfc062723c751e8b465ee728b)  -> (artifact id: '224a2f997359bde4bce2f43ed950b046') in 0.015729 seconds
Number of updated asset objects reloaded before import = 0
Number of asset objects unloaded after import = 7
========================================================================
Received Import Request.
  Time since last request: 0.000013 seconds.
  path: Assets/RedWorks - LP Christmas Pack/Assets/Prefabs/Items/RW_LP_CP_Item_SnowSled.prefab
  artifactKey: Guid(64249ca859578be4da4c7afce9be8127) Importer(815301076,1909f56bfc062723c751e8b465ee728b)
Start importing Assets/RedWorks - LP Christmas Pack/Assets/Prefabs/Items/RW_LP_CP_Item_SnowSled.prefab using Guid(64249ca859578be4da4c7afce9be8127) Importer(815301076,1909f56bfc062723c751e8b465ee728b)  -> (artifact id: 'f500af16b0775ef858133848c6e47548') in 0.010567 seconds
Number of updated asset objects reloaded before import = 0
Number of asset objects unloaded after import = 18
========================================================================
Received Import Request.
  Time since last request: 0.000012 seconds.
  path: Assets/RedWorks - LP Christmas Pack/Assets/Meshes/RW_LP_CP_Item_SnowFlake.004.fbx
  artifactKey: Guid(6bbe01c03c2b98a418db3d15843c6ffe) Importer(815301076,1909f56bfc062723c751e8b465ee728b)
Start importing Assets/RedWorks - LP Christmas Pack/Assets/Meshes/RW_LP_CP_Item_SnowFlake.004.fbx using Guid(6bbe01c03c2b98a418db3d15843c6ffe) Importer(815301076,1909f56bfc062723c751e8b465ee728b)  -> (artifact id: '6182a939169f8f94b5977c6399db2c6d') in 0.016079 seconds
Number of updated asset objects reloaded before import = 0
Number of asset objects unloaded after import = 7
========================================================================
Received Import Request.
  Time since last request: 0.000019 seconds.
  path: Assets/RedWorks - LP Christmas Pack/Assets/Prefabs/Items/RW_LP_CP_Item_SnowFlake.003.prefab
  artifactKey: Guid(727c38977758d464b8c3240c1376d383) Importer(815301076,1909f56bfc062723c751e8b465ee728b)
Start importing Assets/RedWorks - LP Christmas Pack/Assets/Prefabs/Items/RW_LP_CP_Item_SnowFlake.003.prefab using Guid(727c38977758d464b8c3240c1376d383) Importer(815301076,1909f56bfc062723c751e8b465ee728b)  -> (artifact id: '66c47b29e787766d40bb5b35ed3bf1c0') in 0.017316 seconds
Number of updated asset objects reloaded before import = 0
Number of asset objects unloaded after import = 18
========================================================================
Received Import Request.
  Time since last request: 0.000015 seconds.
  path: Assets/RedWorks - LP Christmas Pack/Assets/Prefabs/Items/RW_LP_CP_Item_SnowGlobe.002.prefab
  artifactKey: Guid(8c5b6f495bf2e1247af268ec4085d634) Importer(815301076,1909f56bfc062723c751e8b465ee728b)
Start importing Assets/RedWorks - LP Christmas Pack/Assets/Prefabs/Items/RW_LP_CP_Item_SnowGlobe.002.prefab using Guid(8c5b6f495bf2e1247af268ec4085d634) Importer(815301076,1909f56bfc062723c751e8b465ee728b)  -> (artifact id: '1eacb96f4f3b490992da660c6d4b945f') in 0.042146 seconds
Number of updated asset objects reloaded before import = 0
Number of asset objects unloaded after import = 33
========================================================================
Received Import Request.
  Time since last request: 0.000013 seconds.
  path: Assets/RedWorks - LP Christmas Pack/Assets/Prefabs/Items/RW_LP_CP_Item_SnowGlobe.001.prefab
  artifactKey: Guid(4ce693631f2ee3641b8f30fc46773cf6) Importer(815301076,1909f56bfc062723c751e8b465ee728b)
Start importing Assets/RedWorks - LP Christmas Pack/Assets/Prefabs/Items/RW_LP_CP_Item_SnowGlobe.001.prefab using Guid(4ce693631f2ee3641b8f30fc46773cf6) Importer(815301076,1909f56bfc062723c751e8b465ee728b)  -> (artifact id: 'bd5ab59566382def9fe3f5af1b6eb3cd') in 0.026944 seconds
Number of updated asset objects reloaded before import = 0
Number of asset objects unloaded after import = 33
Editor requested this worker to shutdown with reason: Scaling down because of idle timeout
TcpMessagingSession - receive error: operation aborted. errorcode: 995, details: 由于线程退出或应用程序请求，已中止 I/O 操作。
AssetImportWorker is now disconnected from the server
Process exiting
Exiting without the bug reporter. Application will terminate with return code 0