Using pre-set license
Built from '2022.3/china_unity/release' branch; Version is '2022.3.30f1c1 (a6dc00fbe362) revision 10935296'; Using compiler version '192829333'; Build Type 'Release'
OS: 'Windows 10  (10.0.19045) 64bit Core' Language: 'zh' Physical Memory: 32655 MB
BatchMode: 1, IsHumanControllingUs: 0, StartBugReporterOnCrash: 0, Is64bit: 1, IsPro: 1

COMMAND LINE ARGUMENTS:
C:\Program Files\Unity\Hub\Editor\2022.3.30f1c1\Editor\Unity.exe
-adb2
-batchMode
-noUpm
-name
AssetImportWorker4
-projectPath
F:/LiquidGame
-logFile
Logs/AssetImportWorker4.log
-srvPort
51204
Successfully changed project path to: F:/LiquidGame
F:/LiquidGame
[UnityMemory] Configuration Parameters - Can be set up in boot.config
    "memorysetup-bucket-allocator-granularity=16"
    "memorysetup-bucket-allocator-bucket-count=8"
    "memorysetup-bucket-allocator-block-size=33554432"
    "memorysetup-bucket-allocator-block-count=8"
    "memorysetup-main-allocator-block-size=16777216"
    "memorysetup-thread-allocator-block-size=16777216"
    "memorysetup-gfx-main-allocator-block-size=16777216"
    "memorysetup-gfx-thread-allocator-block-size=16777216"
    "memorysetup-cache-allocator-block-size=4194304"
    "memorysetup-typetree-allocator-block-size=2097152"
    "memorysetup-profiler-bucket-allocator-granularity=16"
    "memorysetup-profiler-bucket-allocator-bucket-count=8"
    "memorysetup-profiler-bucket-allocator-block-size=33554432"
    "memorysetup-profiler-bucket-allocator-block-count=8"
    "memorysetup-profiler-allocator-block-size=16777216"
    "memorysetup-profiler-editor-allocator-block-size=1048576"
    "memorysetup-temp-allocator-size-main=16777216"
    "memorysetup-job-temp-allocator-block-size=2097152"
    "memorysetup-job-temp-allocator-block-size-background=1048576"
    "memorysetup-job-temp-allocator-reduction-small-platforms=262144"
    "memorysetup-allocator-temp-initial-block-size-main=262144"
    "memorysetup-allocator-temp-initial-block-size-worker=262144"
    "memorysetup-temp-allocator-size-background-worker=32768"
    "memorysetup-temp-allocator-size-job-worker=262144"
    "memorysetup-temp-allocator-size-preload-manager=33554432"
    "memorysetup-temp-allocator-size-nav-mesh-worker=65536"
    "memorysetup-temp-allocator-size-audio-worker=65536"
    "memorysetup-temp-allocator-size-cloud-worker=32768"
    "memorysetup-temp-allocator-size-gi-baking-worker=262144"
    "memorysetup-temp-allocator-size-gfx=262144"
Player connection [26092] Host "[IP] 192.168.31.124 [Port] 0 [Flags] 2 [Guid] 2711470742 [EditorId] 2711470742 [Version] 1048832 [Id] WindowsEditor(7,DESKTOP-8OF3PRN) [Debug] 1 [PackageName] WindowsEditor [ProjectName] Editor" joined multi-casting on [225.0.0.222:54997]...

Player connection [26092] Host "[IP] 192.168.31.124 [Port] 0 [Flags] 2 [Guid] 2711470742 [EditorId] 2711470742 [Version] 1048832 [Id] WindowsEditor(7,DESKTOP-8OF3PRN) [Debug] 1 [PackageName] WindowsEditor [ProjectName] Editor" joined alternative multi-casting on [225.0.0.222:34997]...

[Physics::Module] Initialized MultithreadedJobDispatcher with 15 workers.
Refreshing native plugins compatible for Editor in 16.15 ms, found 4 plugins.
Preloading 0 native plugins for Editor in 0.00 ms.
Initialize engine version: 2022.3.30f1c1 (a6dc00fbe362)
[Subsystems] Discovering subsystems at path C:/Program Files/Unity/Hub/Editor/2022.3.30f1c1/Editor/Data/Resources/UnitySubsystems
[Subsystems] Discovering subsystems at path F:/LiquidGame/Assets
GfxDevice: creating device client; threaded=0; jobified=0
Direct3D:
    Version:  Direct3D 11.0 [level 11.1]
    Renderer: NVIDIA GeForce GTX 1060 6GB (ID=0x1c03)
    Vendor:   NVIDIA
    VRAM:     6043 MB
    Driver:   31.0.15.3623
Initialize mono
Mono path[0] = 'C:/Program Files/Unity/Hub/Editor/2022.3.30f1c1/Editor/Data/Managed'
Mono path[1] = 'C:/Program Files/Unity/Hub/Editor/2022.3.30f1c1/Editor/Data/MonoBleedingEdge/lib/mono/unityjit-win32'
Mono config path = 'C:/Program Files/Unity/Hub/Editor/2022.3.30f1c1/Editor/Data/MonoBleedingEdge/etc'
Using monoOptions --debugger-agent=transport=dt_socket,embedding=1,server=y,suspend=n,address=127.0.0.1:56412
Begin MonoManager ReloadAssembly
Registering precompiled unity dll's ...
Register platform support module: C:/Program Files/Unity/Hub/Editor/2022.3.30f1c1/Editor/Data/PlaybackEngines/AndroidPlayer/UnityEditor.Android.Extensions.dll
Register platform support module: C:/Program Files/Unity/Hub/Editor/2022.3.30f1c1/Editor/Data/PlaybackEngines/WindowsStandaloneSupport/UnityEditor.WindowsStandalone.Extensions.dll
Registered in 0.015569 seconds.
- Loaded All Assemblies, in  0.287 seconds
Native extension for WindowsStandalone target not found
Native extension for Android target not found
Android Extension - Scanning For ADB Devices 295 ms
Mono: successfully reloaded assembly
- Finished resetting the current domain, in  0.544 seconds
Domain Reload Profiling: 827ms
	BeginReloadAssembly (87ms)
		ExecutionOrderSort (0ms)
		DisableScriptedObjects (0ms)
		BackupInstance (0ms)
		ReleaseScriptingObjects (0ms)
		CreateAndSetChildDomain (1ms)
	RebuildCommonClasses (25ms)
	RebuildNativeTypeToScriptingClass (7ms)
	initialDomainReloadingComplete (59ms)
	LoadAllAssembliesAndSetupDomain (103ms)
		LoadAssemblies (83ms)
		RebuildTransferFunctionScriptingTraits (0ms)
		AnalyzeDomain (102ms)
			TypeCache.Refresh (100ms)
				TypeCache.ScanAssembly (91ms)
			ScanForSourceGeneratedMonoScriptInfo (0ms)
			ResolveRequiredComponents (0ms)
	FinalizeReload (545ms)
		ReleaseScriptCaches (0ms)
		RebuildScriptCaches (0ms)
		SetupLoadedEditorAssemblies (503ms)
			LogAssemblyErrors (0ms)
			InitializePlatformSupportModulesInManaged (379ms)
			SetLoadedEditorAssemblies (3ms)
			RefreshPlugins (0ms)
			BeforeProcessingInitializeOnLoad (2ms)
			ProcessInitializeOnLoadAttributes (84ms)
			ProcessInitializeOnLoadMethodAttributes (36ms)
			AfterProcessingInitializeOnLoad (0ms)
			EditorAssembliesLoaded (0ms)
		ExecutionOrderSort2 (0ms)
		AwakeInstancesAfterBackupRestoration (0ms)
========================================================================
Worker process is ready to serve import requests
Begin MonoManager ReloadAssembly
- Loaded All Assemblies, in  0.478 seconds
Refreshing native plugins compatible for Editor in 5.70 ms, found 4 plugins.
Native extension for WindowsStandalone target not found
Native extension for Android target not found
Package Manager log level set to [2]
[Package Manager] Server::EnsureServerProcessIsRunning -- launch failed, reason: Unity was launched with the -noUpm command-line argument
[Package Manager] UpmClient::Send -- Unable to send message (not connected to UPM process).
[Package Manager] Cannot connect to Unity Package Manager local server
Mono: successfully reloaded assembly
- Finished resetting the current domain, in  0.429 seconds
Domain Reload Profiling: 902ms
	BeginReloadAssembly (120ms)
		ExecutionOrderSort (0ms)
		DisableScriptedObjects (5ms)
		BackupInstance (0ms)
		ReleaseScriptingObjects (0ms)
		CreateAndSetChildDomain (17ms)
	RebuildCommonClasses (24ms)
	RebuildNativeTypeToScriptingClass (8ms)
	initialDomainReloadingComplete (38ms)
	LoadAllAssembliesAndSetupDomain (284ms)
		LoadAssemblies (229ms)
		RebuildTransferFunctionScriptingTraits (0ms)
		AnalyzeDomain (126ms)
			TypeCache.Refresh (110ms)
				TypeCache.ScanAssembly (99ms)
			ScanForSourceGeneratedMonoScriptInfo (10ms)
			ResolveRequiredComponents (4ms)
	FinalizeReload (429ms)
		ReleaseScriptCaches (0ms)
		RebuildScriptCaches (0ms)
		SetupLoadedEditorAssemblies (323ms)
			LogAssemblyErrors (0ms)
			InitializePlatformSupportModulesInManaged (24ms)
			SetLoadedEditorAssemblies (2ms)
			RefreshPlugins (0ms)
			BeforeProcessingInitializeOnLoad (49ms)
			ProcessInitializeOnLoadAttributes (221ms)
			ProcessInitializeOnLoadMethodAttributes (14ms)
			AfterProcessingInitializeOnLoad (12ms)
			EditorAssembliesLoaded (0ms)
		ExecutionOrderSort2 (0ms)
		AwakeInstancesAfterBackupRestoration (6ms)
Launched and connected shader compiler UnityShaderCompiler.exe after 0.04 seconds
Refreshing native plugins compatible for Editor in 5.94 ms, found 4 plugins.
Preloading 0 native plugins for Editor in 0.00 ms.
Unloading 3579 Unused Serialized files (Serialized files now loaded: 0)
Unloading 56 unused Assets / (0.5 MB). Loaded Objects now: 4023.
Memory consumption went from 153.8 MB to 153.3 MB.
Total: 2.665000 ms (FindLiveObjects: 0.263800 ms CreateObjectMapping: 0.094700 ms MarkObjects: 2.016700 ms  DeleteObjects: 0.288800 ms)

AssetImportParameters requested are different than current active one (requested -> active):
  custom:container-demuxer-ogg: 62fdf1f143b41e24485cea50d1cbac27 -> 
  custom:video-decoder-ogg-theora: a1e56fd34408186e4bbccfd4996cb3dc -> 
  custom:framework-win-MediaFoundation: 216162199b28c13a410421893ffa2e32 -> 
  custom:CustomObjectIndexerAttribute: 9a22284fe3817be447336de3de66b15e -> 
  custom:container-demuxer-webm: 4f35f7cbe854078d1ac9338744f61a02 -> 
  custom:container-muxer-webm: aa71ff27fc2769a1b78a27578f13a17b -> 
  custom:video-decoder-webm-vp8: 9c59270c3fd7afecdb556c50c9e8de78 -> 
  custom:SearchIndexIgnoredProperties: e643bd26f0fe6173181afceb89e7c659 -> 
  custom:AudioImporter_EditorPlatform: d09bf68614088b80899f8185d706f6e7 -> 
  custom:video-encoder-webm-vp8: eb34c28f22e8b96e1ab97ce403110664 -> 
  custom:audio-decoder-ogg-vorbis: bf7c407c2cedff20999df2af8eb42d56 -> 
  custom:audio-encoder-webm-vorbis: bf7c407c2cedff20999df2af8eb42d56 -> 
========================================================================
Received Import Request.
  Time since last request: 264356.785977 seconds.
  path: Assets/RedWorks - LP Christmas Pack/Assets/Prefabs/Character/RW_LP_CP_Character_CookieManBig.prefab
  artifactKey: Guid(8d679d94f5840704a80cadb0f003b8b7) Importer(815301076,1909f56bfc062723c751e8b465ee728b)
Start importing Assets/RedWorks - LP Christmas Pack/Assets/Prefabs/Character/RW_LP_CP_Character_CookieManBig.prefab using Guid(8d679d94f5840704a80cadb0f003b8b7) Importer(815301076,1909f56bfc062723c751e8b465ee728b)  -> (artifact id: 'e8049e849d521d7bdc3f21f8790d53cf') in 0.088191 seconds
Number of updated asset objects reloaded before import = 0
Number of asset objects unloaded after import = 18
========================================================================
Received Import Request.
  Time since last request: 0.000015 seconds.
  path: Assets/RedWorks - LP Christmas Pack/Assets/Meshes/RW_LP_CP_Character_SnowMan.001.fbx
  artifactKey: Guid(b0ecb453651175d4d8db139b8145163d) Importer(815301076,1909f56bfc062723c751e8b465ee728b)
Start importing Assets/RedWorks - LP Christmas Pack/Assets/Meshes/RW_LP_CP_Character_SnowMan.001.fbx using Guid(b0ecb453651175d4d8db139b8145163d) Importer(815301076,1909f56bfc062723c751e8b465ee728b)  -> (artifact id: 'fd16b2634d5392aed54a76dd5ada7571') in 0.021763 seconds
Number of updated asset objects reloaded before import = 0
Number of asset objects unloaded after import = 7
========================================================================
Received Import Request.
  Time since last request: 0.000027 seconds.
  path: Assets/RedWorks - LP Christmas Pack/Assets/Prefabs/Character/RW_LP_CP_Character_SnowMan.004.prefab
  artifactKey: Guid(5a2f70b66c987894fbb2c958c1290135) Importer(815301076,1909f56bfc062723c751e8b465ee728b)
Start importing Assets/RedWorks - LP Christmas Pack/Assets/Prefabs/Character/RW_LP_CP_Character_SnowMan.004.prefab using Guid(5a2f70b66c987894fbb2c958c1290135) Importer(815301076,1909f56bfc062723c751e8b465ee728b)  -> (artifact id: '97b3be0f0a70e9f6f7ba05cd9191bedc') in 0.011354 seconds
Number of updated asset objects reloaded before import = 0
Number of asset objects unloaded after import = 18
========================================================================
Received Import Request.
  Time since last request: 0.000016 seconds.
  path: Assets/RedWorks - LP Christmas Pack/Assets/Prefabs/Characters_Rigged/RW_LP_CP_Character_SantaClausRigged.prefab
  artifactKey: Guid(3aefb00edec3aae4b864e892b8d49b27) Importer(815301076,1909f56bfc062723c751e8b465ee728b)
Start importing Assets/RedWorks - LP Christmas Pack/Assets/Prefabs/Characters_Rigged/RW_LP_CP_Character_SantaClausRigged.prefab using Guid(3aefb00edec3aae4b864e892b8d49b27) Importer(815301076,1909f56bfc062723c751e8b465ee728b)  -> (artifact id: '4e0b9c2641197e8293c4ff9b465297d2') in 0.029037 seconds
Number of updated asset objects reloaded before import = 0
Number of asset objects unloaded after import = 402
========================================================================
Received Import Request.
  Time since last request: 0.000014 seconds.
  path: Assets/RedWorks - LP Christmas Pack/Assets/Meshes/Rigged/RW_LP_CP_Character_SnowManRigged.004.fbx
  artifactKey: Guid(fe8c700c11fab17408ffb91377731436) Importer(815301076,1909f56bfc062723c751e8b465ee728b)
Start importing Assets/RedWorks - LP Christmas Pack/Assets/Meshes/Rigged/RW_LP_CP_Character_SnowManRigged.004.fbx using Guid(fe8c700c11fab17408ffb91377731436) Importer(815301076,1909f56bfc062723c751e8b465ee728b)  -> (artifact id: 'e22076ac340f61c1c7e35f86daec7c8a') in 0.048923 seconds
Number of updated asset objects reloaded before import = 0
Number of asset objects unloaded after import = 26
========================================================================
Received Import Request.
  Time since last request: 7.340271 seconds.
  path: Assets/RedWorks - LP Christmas Pack/Assets/Prefabs/Characters_Rigged/RW_LP_CP_Character_SnowManRigged.004.prefab
  artifactKey: Guid(2f6f38cd3e46f954b832b2f958a702b1) Importer(815301076,1909f56bfc062723c751e8b465ee728b)
Start importing Assets/RedWorks - LP Christmas Pack/Assets/Prefabs/Characters_Rigged/RW_LP_CP_Character_SnowManRigged.004.prefab using Guid(2f6f38cd3e46f954b832b2f958a702b1) Importer(815301076,1909f56bfc062723c751e8b465ee728b)  -> (artifact id: '064ca6a603d9c106f709850707d1dd64') in 0.023868 seconds
Number of updated asset objects reloaded before import = 0
Number of asset objects unloaded after import = 58
========================================================================
Received Import Request.
  Time since last request: 79.619750 seconds.
  path: Assets/RedWorks - LP Christmas Pack/Assets/Meshes/RW_LP_CP_Item_Candle.005.fbx
  artifactKey: Guid(cab6bff0e48a98d40b2665464c3ef7c4) Importer(815301076,1909f56bfc062723c751e8b465ee728b)
Start importing Assets/RedWorks - LP Christmas Pack/Assets/Meshes/RW_LP_CP_Item_Candle.005.fbx using Guid(cab6bff0e48a98d40b2665464c3ef7c4) Importer(815301076,1909f56bfc062723c751e8b465ee728b)  -> (artifact id: '859108ed2b1a618d239a025234b38845') in 0.007226 seconds
Number of updated asset objects reloaded before import = 0
Number of asset objects unloaded after import = 7
========================================================================
Received Import Request.
  Time since last request: 0.711110 seconds.
  path: Assets/RedWorks - LP Christmas Pack/Assets/Meshes/RW_LP_CP_Item_CupCake.006.fbx
  artifactKey: Guid(f5f740ba780a0124bb8ea6542b9a3761) Importer(815301076,1909f56bfc062723c751e8b465ee728b)
Start importing Assets/RedWorks - LP Christmas Pack/Assets/Meshes/RW_LP_CP_Item_CupCake.006.fbx using Guid(f5f740ba780a0124bb8ea6542b9a3761) Importer(815301076,1909f56bfc062723c751e8b465ee728b)  -> (artifact id: 'f83d59e817228363be2262f70858a406') in 0.007492 seconds
Number of updated asset objects reloaded before import = 0
Number of asset objects unloaded after import = 7
========================================================================
Received Import Request.
  Time since last request: 0.600338 seconds.
  path: Assets/RedWorks - LP Christmas Pack/Assets/Meshes/RW_LP_CP_Item_Mistletoe.004.fbx
  artifactKey: Guid(c0bf1278a88afbf48a62b1aaf2d371e5) Importer(815301076,1909f56bfc062723c751e8b465ee728b)
Start importing Assets/RedWorks - LP Christmas Pack/Assets/Meshes/RW_LP_CP_Item_Mistletoe.004.fbx using Guid(c0bf1278a88afbf48a62b1aaf2d371e5) Importer(815301076,1909f56bfc062723c751e8b465ee728b)  -> (artifact id: '653bca58d562ff8e51296a7504221e9b') in 0.022950 seconds
Number of updated asset objects reloaded before import = 0
Number of asset objects unloaded after import = 7
========================================================================
Received Import Request.
  Time since last request: 0.578951 seconds.
  path: Assets/RedWorks - LP Christmas Pack/Assets/Meshes/RW_LP_CP_Item_NoelTreeDecoration.014.fbx
  artifactKey: Guid(c13934d2f300e6c4dbe5339946d526d4) Importer(815301076,1909f56bfc062723c751e8b465ee728b)
Start importing Assets/RedWorks - LP Christmas Pack/Assets/Meshes/RW_LP_CP_Item_NoelTreeDecoration.014.fbx using Guid(c13934d2f300e6c4dbe5339946d526d4) Importer(815301076,1909f56bfc062723c751e8b465ee728b)  -> (artifact id: 'cbbe68c453d289e7f560c14fe6270b78') in 0.007022 seconds
Number of updated asset objects reloaded before import = 0
Number of asset objects unloaded after import = 7
========================================================================
Received Import Request.
  Time since last request: 0.563226 seconds.
  path: Assets/RedWorks - LP Christmas Pack/Assets/Meshes/RW_LP_CP_Item_SnowGlobe.002.fbx
  artifactKey: Guid(041255c39bd33564cb2919220b387367) Importer(815301076,1909f56bfc062723c751e8b465ee728b)
Start importing Assets/RedWorks - LP Christmas Pack/Assets/Meshes/RW_LP_CP_Item_SnowGlobe.002.fbx using Guid(041255c39bd33564cb2919220b387367) Importer(815301076,1909f56bfc062723c751e8b465ee728b)  -> (artifact id: '0c4d08a50b1d9c5e92e3d07c38476ddb') in 0.009034 seconds
Number of updated asset objects reloaded before import = 0
Number of asset objects unloaded after import = 7
========================================================================
Received Import Request.
  Time since last request: 76.450778 seconds.
  path: Assets/Prefab/NewObi/jb.prefab
  artifactKey: Guid(901bfa0b04b82c649bc0d032495dc047) Importer(815301076,1909f56bfc062723c751e8b465ee728b)
Start importing Assets/Prefab/NewObi/jb.prefab using Guid(901bfa0b04b82c649bc0d032495dc047) Importer(815301076,1909f56bfc062723c751e8b465ee728b)  -> (artifact id: '3c330f1184867132c87e551d3146f8bf') in 0.012880 seconds
Number of updated asset objects reloaded before import = 0
Number of asset objects unloaded after import = 194
========================================================================
Received Import Request.
  Time since last request: 102.270870 seconds.
  path: Assets/RedWorks - LP Christmas Pack/Assets/Meshes/RW_LP_CP_Item_Balloon.001.fbx
  artifactKey: Guid(56ae8cfe973395d42b1417853e857320) Importer(815301076,1909f56bfc062723c751e8b465ee728b)
Start importing Assets/RedWorks - LP Christmas Pack/Assets/Meshes/RW_LP_CP_Item_Balloon.001.fbx using Guid(56ae8cfe973395d42b1417853e857320) Importer(815301076,1909f56bfc062723c751e8b465ee728b)  -> (artifact id: '287601e8b3e9ca0da984ea3e051590d0') in 0.007408 seconds
Number of updated asset objects reloaded before import = 0
Number of asset objects unloaded after import = 7
========================================================================
Received Import Request.
  Time since last request: 0.195542 seconds.
  path: Assets/RedWorks - LP Christmas Pack/Assets/Meshes/RW_LP_CP_Item_Balloon.002.fbx
  artifactKey: Guid(afd70b9cfa3bbff4a975a8fe0d17c980) Importer(815301076,1909f56bfc062723c751e8b465ee728b)
Start importing Assets/RedWorks - LP Christmas Pack/Assets/Meshes/RW_LP_CP_Item_Balloon.002.fbx using Guid(afd70b9cfa3bbff4a975a8fe0d17c980) Importer(815301076,1909f56bfc062723c751e8b465ee728b)  -> (artifact id: '0f71a4ee42cf8643bc342ce715edf637') in 0.006803 seconds
Number of updated asset objects reloaded before import = 0
Number of asset objects unloaded after import = 7
========================================================================
Received Import Request.
  Time since last request: 0.012223 seconds.
  path: Assets/RedWorks - LP Christmas Pack/Assets/Prefabs/Items/RW_LP_CP_Item_Barrel.001.prefab
  artifactKey: Guid(4402e5aedb3f4ad42bcbcc33334a46ba) Importer(815301076,1909f56bfc062723c751e8b465ee728b)
Start importing Assets/RedWorks - LP Christmas Pack/Assets/Prefabs/Items/RW_LP_CP_Item_Barrel.001.prefab using Guid(4402e5aedb3f4ad42bcbcc33334a46ba) Importer(815301076,1909f56bfc062723c751e8b465ee728b)  -> (artifact id: 'b4dd3603939a3396bc775652c81aec8f') in 0.028099 seconds
Number of updated asset objects reloaded before import = 0
Number of asset objects unloaded after import = 18
========================================================================
Received Import Request.
  Time since last request: 0.000013 seconds.
  path: Assets/RedWorks - LP Christmas Pack/Assets/Meshes/RW_LP_CP_Item_BurningCandle.003.fbx
  artifactKey: Guid(ea1f0d2acce3ee644b396d38644c05bf) Importer(815301076,1909f56bfc062723c751e8b465ee728b)
Start importing Assets/RedWorks - LP Christmas Pack/Assets/Meshes/RW_LP_CP_Item_BurningCandle.003.fbx using Guid(ea1f0d2acce3ee644b396d38644c05bf) Importer(815301076,1909f56bfc062723c751e8b465ee728b)  -> (artifact id: '30737f5b721f68efba727976e0abe76f') in 0.007965 seconds
Number of updated asset objects reloaded before import = 0
Number of asset objects unloaded after import = 7
========================================================================
Received Import Request.
  Time since last request: 0.000013 seconds.
  path: Assets/RedWorks - LP Christmas Pack/Assets/Meshes/RW_LP_CP_Item_Barrel_Group.001.fbx
  artifactKey: Guid(be772ea44b65b444d841c8a79271ffb6) Importer(815301076,1909f56bfc062723c751e8b465ee728b)
Start importing Assets/RedWorks - LP Christmas Pack/Assets/Meshes/RW_LP_CP_Item_Barrel_Group.001.fbx using Guid(be772ea44b65b444d841c8a79271ffb6) Importer(815301076,1909f56bfc062723c751e8b465ee728b)  -> (artifact id: '7c1163d93e2d89607a62444a3e159b23') in 0.019813 seconds
Number of updated asset objects reloaded before import = 0
Number of asset objects unloaded after import = 7
========================================================================
Received Import Request.
  Time since last request: 0.000012 seconds.
  path: Assets/RedWorks - LP Christmas Pack/Assets/Meshes/RW_LP_CP_Item_Barrel_Group.003.fbx
  artifactKey: Guid(40b9b792aee72fe40a2cf2d47354fbb0) Importer(815301076,1909f56bfc062723c751e8b465ee728b)
Start importing Assets/RedWorks - LP Christmas Pack/Assets/Meshes/RW_LP_CP_Item_Barrel_Group.003.fbx using Guid(40b9b792aee72fe40a2cf2d47354fbb0) Importer(815301076,1909f56bfc062723c751e8b465ee728b)  -> (artifact id: '7b5b94e6098e7c92f4b07d61291c5f2f') in 0.018665 seconds
Number of updated asset objects reloaded before import = 0
Number of asset objects unloaded after import = 7
========================================================================
Received Import Request.
  Time since last request: 0.000011 seconds.
  path: Assets/RedWorks - LP Christmas Pack/Assets/Prefabs/Items/RW_LP_CP_Item_Barrel_Group.001.prefab
  artifactKey: Guid(40ac9856adccb6b4bb62bf2492b77a49) Importer(815301076,1909f56bfc062723c751e8b465ee728b)
Start importing Assets/RedWorks - LP Christmas Pack/Assets/Prefabs/Items/RW_LP_CP_Item_Barrel_Group.001.prefab using Guid(40ac9856adccb6b4bb62bf2492b77a49) Importer(815301076,1909f56bfc062723c751e8b465ee728b)  -> (artifact id: '35b6ddc5bf8edb5c91594233d7e1c668') in 0.011566 seconds
Number of updated asset objects reloaded before import = 0
Number of asset objects unloaded after import = 18
========================================================================
Received Import Request.
  Time since last request: 0.000012 seconds.
  path: Assets/RedWorks - LP Christmas Pack/Assets/Meshes/RW_LP_CP_Item_BurningCandle.002.fbx
  artifactKey: Guid(10c8e645ac6611a4e834b3cb69d4167e) Importer(815301076,1909f56bfc062723c751e8b465ee728b)
Start importing Assets/RedWorks - LP Christmas Pack/Assets/Meshes/RW_LP_CP_Item_BurningCandle.002.fbx using Guid(10c8e645ac6611a4e834b3cb69d4167e) Importer(815301076,1909f56bfc062723c751e8b465ee728b)  -> (artifact id: 'aa86a2aa7a3b2aeed8145d2c9a065d39') in 0.016329 seconds
Number of updated asset objects reloaded before import = 0
Number of asset objects unloaded after import = 7
========================================================================
Received Import Request.
  Time since last request: 0.000012 seconds.
  path: Assets/RedWorks - LP Christmas Pack/Assets/Meshes/RW_LP_CP_Item_Candle.001.fbx
  artifactKey: Guid(26d54c9890f6e5041b90a4a5c8978bb2) Importer(815301076,1909f56bfc062723c751e8b465ee728b)
Start importing Assets/RedWorks - LP Christmas Pack/Assets/Meshes/RW_LP_CP_Item_Candle.001.fbx using Guid(26d54c9890f6e5041b90a4a5c8978bb2) Importer(815301076,1909f56bfc062723c751e8b465ee728b)  -> (artifact id: 'bf7bb8deeebe440100f6625925f1d7f7') in 0.014924 seconds
Number of updated asset objects reloaded before import = 0
Number of asset objects unloaded after import = 7
========================================================================
Received Import Request.
  Time since last request: 0.000013 seconds.
  path: Assets/RedWorks - LP Christmas Pack/Assets/Meshes/RW_LP_CP_Item_Candle.002.fbx
  artifactKey: Guid(49a39fc5044f31645a721f5d93f5acf1) Importer(815301076,1909f56bfc062723c751e8b465ee728b)
Start importing Assets/RedWorks - LP Christmas Pack/Assets/Meshes/RW_LP_CP_Item_Candle.002.fbx using Guid(49a39fc5044f31645a721f5d93f5acf1) Importer(815301076,1909f56bfc062723c751e8b465ee728b)  -> (artifact id: '77a56e2a1bf84f6f534494e1296fe1ec') in 0.026906 seconds
Number of updated asset objects reloaded before import = 0
Number of asset objects unloaded after import = 7
========================================================================
Received Import Request.
  Time since last request: 0.000014 seconds.
  path: Assets/RedWorks - LP Christmas Pack/Assets/Prefabs/Items/RW_LP_CP_Item_Candle.002.prefab
  artifactKey: Guid(da0ca1ad8a3557046a28cf4e0ad3cc5f) Importer(815301076,1909f56bfc062723c751e8b465ee728b)
Start importing Assets/RedWorks - LP Christmas Pack/Assets/Prefabs/Items/RW_LP_CP_Item_Candle.002.prefab using Guid(da0ca1ad8a3557046a28cf4e0ad3cc5f) Importer(815301076,1909f56bfc062723c751e8b465ee728b)  -> (artifact id: '33c8c763d3bdf23378bd6450f2147072') in 0.014061 seconds
Number of updated asset objects reloaded before import = 0
Number of asset objects unloaded after import = 18
========================================================================
Received Import Request.
  Time since last request: 0.000014 seconds.
  path: Assets/RedWorks - LP Christmas Pack/Assets/Meshes/RW_LP_CP_Item_Barrel_Group.002.fbx
  artifactKey: Guid(1a032b9fa13e2404090915075e6728fa) Importer(815301076,1909f56bfc062723c751e8b465ee728b)
Start importing Assets/RedWorks - LP Christmas Pack/Assets/Meshes/RW_LP_CP_Item_Barrel_Group.002.fbx using Guid(1a032b9fa13e2404090915075e6728fa) Importer(815301076,1909f56bfc062723c751e8b465ee728b)  -> (artifact id: '360a068aee2eb459e71dddfc4cf85c1f') in 0.016955 seconds
Number of updated asset objects reloaded before import = 0
Number of asset objects unloaded after import = 7
========================================================================
Received Import Request.
  Time since last request: 0.000013 seconds.
  path: Assets/RedWorks - LP Christmas Pack/Assets/Meshes/RW_LP_CP_Item_BurningCandle.004.fbx
  artifactKey: Guid(c7e8f0d1414ccab4fabff1fdd1cf608d) Importer(815301076,1909f56bfc062723c751e8b465ee728b)
Start importing Assets/RedWorks - LP Christmas Pack/Assets/Meshes/RW_LP_CP_Item_BurningCandle.004.fbx using Guid(c7e8f0d1414ccab4fabff1fdd1cf608d) Importer(815301076,1909f56bfc062723c751e8b465ee728b)  -> (artifact id: '39d71b8a48da76195a7814825d90d155') in 0.013048 seconds
Number of updated asset objects reloaded before import = 0
Number of asset objects unloaded after import = 7
========================================================================
Received Import Request.
  Time since last request: 0.000016 seconds.
  path: Assets/RedWorks - LP Christmas Pack/Assets/Prefabs/Items/RW_LP_CP_Item_Candle.001.prefab
  artifactKey: Guid(7291e9b5838fc9f44b560ea98f0e7ba1) Importer(815301076,1909f56bfc062723c751e8b465ee728b)
Start importing Assets/RedWorks - LP Christmas Pack/Assets/Prefabs/Items/RW_LP_CP_Item_Candle.001.prefab using Guid(7291e9b5838fc9f44b560ea98f0e7ba1) Importer(815301076,1909f56bfc062723c751e8b465ee728b)  -> (artifact id: '9d72f9949b15344f92b2ebbf5d136a5f') in 0.011117 seconds
Number of updated asset objects reloaded before import = 0
Number of asset objects unloaded after import = 18
========================================================================
Received Import Request.
  Time since last request: 1.568877 seconds.
  path: Assets/RedWorks - LP Christmas Pack/Assets/Meshes/RW_LP_CP_Item_SnowFlake.001.fbx
  artifactKey: Guid(9eebb85d7f0a3c6469ad7542a230294c) Importer(815301076,1909f56bfc062723c751e8b465ee728b)
Start importing Assets/RedWorks - LP Christmas Pack/Assets/Meshes/RW_LP_CP_Item_SnowFlake.001.fbx using Guid(9eebb85d7f0a3c6469ad7542a230294c) Importer(815301076,1909f56bfc062723c751e8b465ee728b)  -> (artifact id: 'a647e9ed7848ffd623a78fc919dfe5fd') in 0.007365 seconds
Number of updated asset objects reloaded before import = 0
Number of asset objects unloaded after import = 7
========================================================================
Received Import Request.
  Time since last request: 0.000012 seconds.
  path: Assets/RedWorks - LP Christmas Pack/Assets/Meshes/RW_LP_CP_Item_SnowSled.fbx
  artifactKey: Guid(ee766a12377b7224fad2bca881f5f8d3) Importer(815301076,1909f56bfc062723c751e8b465ee728b)
Start importing Assets/RedWorks - LP Christmas Pack/Assets/Meshes/RW_LP_CP_Item_SnowSled.fbx using Guid(ee766a12377b7224fad2bca881f5f8d3) Importer(815301076,1909f56bfc062723c751e8b465ee728b)  -> (artifact id: '6ef0c3facf80c191efcf41d7688ea332') in 0.014678 seconds
Number of updated asset objects reloaded before import = 0
Number of asset objects unloaded after import = 7
========================================================================
Received Import Request.
  Time since last request: 0.000016 seconds.
  path: Assets/RedWorks - LP Christmas Pack/Assets/Meshes/RW_LP_CP_Item_SnowGlobe.001.fbx
  artifactKey: Guid(451d53e38f88cec4d93c94b9c4e5bffc) Importer(815301076,1909f56bfc062723c751e8b465ee728b)
Start importing Assets/RedWorks - LP Christmas Pack/Assets/Meshes/RW_LP_CP_Item_SnowGlobe.001.fbx using Guid(451d53e38f88cec4d93c94b9c4e5bffc) Importer(815301076,1909f56bfc062723c751e8b465ee728b)  -> (artifact id: '01a250ebd804e9bf958e27fc465fa543') in 0.040108 seconds
Number of updated asset objects reloaded before import = 0
Number of asset objects unloaded after import = 7
========================================================================
Received Import Request.
  Time since last request: 0.000016 seconds.
  path: Assets/RedWorks - LP Christmas Pack/Assets/Prefabs/Items/RW_LP_CP_Item_SnowFlake.004.prefab
  artifactKey: Guid(037bcda5f2d8c2848b762add9230e873) Importer(815301076,1909f56bfc062723c751e8b465ee728b)
Start importing Assets/RedWorks - LP Christmas Pack/Assets/Prefabs/Items/RW_LP_CP_Item_SnowFlake.004.prefab using Guid(037bcda5f2d8c2848b762add9230e873) Importer(815301076,1909f56bfc062723c751e8b465ee728b)  -> (artifact id: 'ec755d9b6d83b0db7159faecf2380578') in 0.013699 seconds
Number of updated asset objects reloaded before import = 0
Number of asset objects unloaded after import = 18
========================================================================
Received Import Request.
  Time since last request: 0.000022 seconds.
  path: Assets/RedWorks - LP Christmas Pack/Assets/Prefabs/Items/RW_LP_CP_Item_SnowFlake.006.prefab
  artifactKey: Guid(eb84704072afc1a4ebcccad65951d17a) Importer(815301076,1909f56bfc062723c751e8b465ee728b)
Start importing Assets/RedWorks - LP Christmas Pack/Assets/Prefabs/Items/RW_LP_CP_Item_SnowFlake.006.prefab using Guid(eb84704072afc1a4ebcccad65951d17a) Importer(815301076,1909f56bfc062723c751e8b465ee728b)  -> (artifact id: 'ff522e62eaa3420b171e48f65d424a4c') in 0.012876 seconds
Number of updated asset objects reloaded before import = 0
Number of asset objects unloaded after import = 18
========================================================================
Received Import Request.
  Time since last request: 0.000033 seconds.
  path: Assets/RedWorks - LP Christmas Pack/Assets/Prefabs/Items/RW_LP_CP_Item_SnowFlake.005.prefab
  artifactKey: Guid(1752566ff0858484d86f3af9ca185552) Importer(815301076,1909f56bfc062723c751e8b465ee728b)
Start importing Assets/RedWorks - LP Christmas Pack/Assets/Prefabs/Items/RW_LP_CP_Item_SnowFlake.005.prefab using Guid(1752566ff0858484d86f3af9ca185552) Importer(815301076,1909f56bfc062723c751e8b465ee728b)  -> (artifact id: 'cd0b5cf59ecc2f0987186426c7a6c967') in 0.013524 seconds
Number of updated asset objects reloaded before import = 0
Number of asset objects unloaded after import = 18
========================================================================
Received Import Request.
  Time since last request: 0.000014 seconds.
  path: Assets/RedWorks - LP Christmas Pack/Assets/Meshes/RW_LP_CP_Item_SnowFlake.003.fbx
  artifactKey: Guid(72f1510f2a95c6f4484b8341e9e047fb) Importer(815301076,1909f56bfc062723c751e8b465ee728b)
Start importing Assets/RedWorks - LP Christmas Pack/Assets/Meshes/RW_LP_CP_Item_SnowFlake.003.fbx using Guid(72f1510f2a95c6f4484b8341e9e047fb) Importer(815301076,1909f56bfc062723c751e8b465ee728b)  -> (artifact id: '8276927ce7860b002a6587808867ffd5') in 0.015251 seconds
Number of updated asset objects reloaded before import = 0
Number of asset objects unloaded after import = 7
========================================================================
Received Import Request.
  Time since last request: 0.000012 seconds.
  path: Assets/RedWorks - LP Christmas Pack/Assets/Prefabs/Items/RW_LP_CP_Item_SnowFlake.002.prefab
  artifactKey: Guid(8a70d1f25b7753d43ab2bb4da26f58ed) Importer(815301076,1909f56bfc062723c751e8b465ee728b)
Start importing Assets/RedWorks - LP Christmas Pack/Assets/Prefabs/Items/RW_LP_CP_Item_SnowFlake.002.prefab using Guid(8a70d1f25b7753d43ab2bb4da26f58ed) Importer(815301076,1909f56bfc062723c751e8b465ee728b)  -> (artifact id: 'd0d20d25faf097c33573815197a3d2f2') in 0.009903 seconds
Number of updated asset objects reloaded before import = 0
Number of asset objects unloaded after import = 18
========================================================================
Received Import Request.
  Time since last request: 0.000012 seconds.
  path: Assets/RedWorks - LP Christmas Pack/Assets/Prefabs/Items/RW_LP_CP_Item_SnowSledWithDeers.prefab
  artifactKey: Guid(5082c9978059c604ab7e48326a3b9d2d) Importer(815301076,1909f56bfc062723c751e8b465ee728b)
Start importing Assets/RedWorks - LP Christmas Pack/Assets/Prefabs/Items/RW_LP_CP_Item_SnowSledWithDeers.prefab using Guid(5082c9978059c604ab7e48326a3b9d2d) Importer(815301076,1909f56bfc062723c751e8b465ee728b)  -> (artifact id: '29d61ab7c41d2f9bd34ad559232015a5') in 0.016035 seconds
Number of updated asset objects reloaded before import = 0
Number of asset objects unloaded after import = 224
========================================================================
Received Import Request.
  Time since last request: 0.000012 seconds.
  path: Assets/RedWorks - LP Christmas Pack/Assets/Meshes/RW_LP_CP_Item_SnowFlake.006.fbx
  artifactKey: Guid(ff8aabd27974a1041a98d75aaef0974b) Importer(815301076,1909f56bfc062723c751e8b465ee728b)
Start importing Assets/RedWorks - LP Christmas Pack/Assets/Meshes/RW_LP_CP_Item_SnowFlake.006.fbx using Guid(ff8aabd27974a1041a98d75aaef0974b) Importer(815301076,1909f56bfc062723c751e8b465ee728b)  -> (artifact id: 'e99143b9364e116f42b25d141785b64b') in 0.011725 seconds
Number of updated asset objects reloaded before import = 0
Number of asset objects unloaded after import = 7
Editor requested this worker to shutdown with reason: Scaling down because of idle timeout
TcpMessagingSession - receive error: operation aborted. errorcode: 995, details: 由于线程退出或应用程序请求，已中止 I/O 操作。
AssetImportWorker is now disconnected from the server
Process exiting
Exiting without the bug reporter. Application will terminate with return code 0